<?xml version="1.0" encoding="UTF-8"?>
<testng-results ignored="0" total="1" passed="1" failed="0" skipped="0">
  <reporter-output>
  </reporter-output>
  <suite started-at="2020-03-11T07:39:00Z" name="facebook app test automation suite" finished-at="2020-03-11T07:39:46Z" duration-ms="45359">
    <groups>
    </groups>
    <test started-at="2020-03-11T07:39:00Z" name="facebook app test" finished-at="2020-03-11T07:39:46Z" duration-ms="45359">
      <class name="com.datadriven.tests.ParameterTest">
        <test-method is-config="true" signature="setup()[pri:0, instance:com.datadriven.tests.ParameterTest@27c86f2d]" started-at="2020-03-11T07:39:01Z" name="setup" finished-at="2020-03-11T07:39:12Z" duration-ms="11406" status="PASS">
          <reporter-output>
          </reporter-output>
        </test-method> <!-- setup -->
        <test-method signature="loginTest(java.lang.String, java.lang.String)[pri:0, instance:com.datadriven.tests.ParameterTest@27c86f2d]" started-at="2020-03-11T07:39:12Z" name="loginTest" finished-at="2020-03-11T07:39:45Z" duration-ms="33224" status="PASS">
          <params>
            <param index="0">
              <value>
                <![CDATA[shweta111@gmail.com]]>
              </value>
            </param>
            <param index="1">
              <value>
                <![CDATA[shweta12345]]>
              </value>
            </param>
          </params>
          <reporter-output>
          </reporter-output>
        </test-method> <!-- loginTest -->
        <test-method is-config="true" signature="teardown()[pri:0, instance:com.datadriven.tests.ParameterTest@27c86f2d]" started-at="2020-03-11T07:39:45Z" name="teardown" finished-at="2020-03-11T07:39:46Z" duration-ms="697" status="PASS">
          <reporter-output>
          </reporter-output>
        </test-method> <!-- teardown -->
      </class> <!-- com.datadriven.tests.ParameterTest -->
    </test> <!-- facebook app test -->
  </suite> <!-- facebook app test automation suite -->
</testng-results>
